<?xml version="1.0" encoding="UTF-8"?>
<!-- Generated by org.testng.reporters.JUnitReportReporter -->
<testsuite skipped="0" hostname="LAPTOP-PE32G410" name="com.touchtunes.test.HomePageTest" tests="1" failures="0" timestamp="22 Oct 2019 02:35:39 GMT" time="2.353" errors="0">
  <testcase name="TC_06_homePage_Validation" time="2.353" classname="com.touchtunes.test.HomePageTest"/>
</testsuite> <!-- com.touchtunes.test.HomePageTest -->
