<?xml version="1.0" encoding="UTF-8"?>
<!-- Generated by org.testng.reporters.JUnitReportReporter -->
<testsuite skipped="0" hostname="LAPTOP-PE32G410" name="com.touchtunes.test.LandingPageTest" tests="5" failures="0" timestamp="22 Oct 2019 02:35:39 GMT" time="31.641" errors="0">
  <testcase name="TC_05_doneBtn_Validation" time="1.951" classname="com.touchtunes.test.LandingPageTest"/>
  <testcase name="TC_01_landingPage_Validation" time="19.278" classname="com.touchtunes.test.LandingPageTest"/>
  <testcase name="TC_02_chechBoxValidation" time="0.920" classname="com.touchtunes.test.LandingPageTest"/>
  <testcase name="TC_04_languageSelection_Validation" time="1.982" classname="com.touchtunes.test.LandingPageTest"/>
  <testcase name="TC_03_ScrollandClick_Validation" time="7.510" classname="com.touchtunes.test.LandingPageTest"/>
</testsuite> <!-- com.touchtunes.test.LandingPageTest -->
